<?xml version="1.0" encoding="UTF-8"?>
<testsuite xmlns:xsi="http://www.w3.org/2001/XMLSchema-instance" xsi:noNamespaceSchemaLocation="https://maven.apache.org/surefire/maven-surefire-plugin/xsd/surefire-test-report.xsd" name="com.mydemo.app.AppTest" time="0.084" tests="1" errors="0" skipped="0" failures="0">
  <properties>
    <property name="sun.desktop" value="windows"/>
    <property name="awt.toolkit" value="sun.awt.windows.WToolkit"/>
    <property name="file.encoding.pkg" value="sun.io"/>
    <property name="java.specification.version" value="1.8"/>
    <property name="sun.cpu.isalist" value="amd64"/>
    <property name="sun.jnu.encoding" value="Cp1252"/>
    <property name="java.class.path" value="C:\Users\daniel-lower\jgitflowTest\atlassian-jgit-flow\mydemo-app\target\test-classes;C:\Users\daniel-lower\jgitflowTest\atlassian-jgit-flow\mydemo-app\target\classes;C:\Users\daniel-lower\.m2\repository\junit\junit\4.11\junit-4.11.jar;C:\Users\daniel-lower\.m2\repository\org\hamcrest\hamcrest-core\1.3\hamcrest-core-1.3.jar;"/>
    <property name="java.vm.vendor" value="Oracle Corporation"/>
    <property name="sun.arch.data.model" value="64"/>
    <property name="user.variant" value=""/>
    <property name="java.vendor.url" value="http://java.oracle.com/"/>
    <property name="user.timezone" value="Europe/London"/>
    <property name="java.vm.specification.version" value="1.8"/>
    <property name="os.name" value="Windows 10"/>
    <property name="user.country" value="GB"/>
    <property name="sun.java.launcher" value="SUN_STANDARD"/>
    <property name="sun.boot.library.path" value="C:\Program Files\Java\jdk1.8.0_151\jre\bin"/>
    <property name="sun.java.command" value="C:\Users\DANIEL~1\AppData\Local\Temp\surefire3619386979155595345\surefirebooter8752340950449727754.jar C:\Users\daniel-lower\AppData\Local\Temp\surefire3619386979155595345 2020-07-22T23-52-53_319-jvmRun1 surefire4489345929845353058tmp surefire_02108802482973451720tmp"/>
    <property name="surefire.test.class.path" value="C:\Users\daniel-lower\jgitflowTest\atlassian-jgit-flow\mydemo-app\target\test-classes;C:\Users\daniel-lower\jgitflowTest\atlassian-jgit-flow\mydemo-app\target\classes;C:\Users\daniel-lower\.m2\repository\junit\junit\4.11\junit-4.11.jar;C:\Users\daniel-lower\.m2\repository\org\hamcrest\hamcrest-core\1.3\hamcrest-core-1.3.jar;"/>
    <property name="sun.cpu.endian" value="little"/>
    <property name="user.home" value="C:\Users\daniel-lower"/>
    <property name="user.language" value="en"/>
    <property name="java.specification.vendor" value="Oracle Corporation"/>
    <property name="java.home" value="C:\Program Files\Java\jdk1.8.0_151\jre"/>
    <property name="basedir" value="C:\Users\daniel-lower\jgitflowTest\atlassian-jgit-flow\mydemo-app"/>
    <property name="file.separator" value="\"/>
    <property name="line.separator" value="&#10;"/>
    <property name="java.vm.specification.vendor" value="Oracle Corporation"/>
    <property name="java.specification.name" value="Java Platform API Specification"/>
    <property name="java.awt.graphicsenv" value="sun.awt.Win32GraphicsEnvironment"/>
    <property name="performRelease" value="true"/>
    <property name="surefire.real.class.path" value="C:\Users\DANIEL~1\AppData\Local\Temp\surefire3619386979155595345\surefirebooter8752340950449727754.jar"/>
    <property name="sun.boot.class.path" value="C:\Program Files\Java\jdk1.8.0_151\jre\lib\resources.jar;C:\Program Files\Java\jdk1.8.0_151\jre\lib\rt.jar;C:\Program Files\Java\jdk1.8.0_151\jre\lib\sunrsasign.jar;C:\Program Files\Java\jdk1.8.0_151\jre\lib\jsse.jar;C:\Program Files\Java\jdk1.8.0_151\jre\lib\jce.jar;C:\Program Files\Java\jdk1.8.0_151\jre\lib\charsets.jar;C:\Program Files\Java\jdk1.8.0_151\jre\lib\jfr.jar;C:\Program Files\Java\jdk1.8.0_151\jre\classes"/>
    <property name="user.script" value=""/>
    <property name="sun.management.compiler" value="HotSpot 64-Bit Tiered Compilers"/>
    <property name="java.runtime.version" value="1.8.0_151-b12"/>
    <property name="user.name" value="Daniel-Lower"/>
    <property name="path.separator" value=";"/>
    <property name="os.version" value="10.0"/>
    <property name="java.endorsed.dirs" value="C:\Program Files\Java\jdk1.8.0_151\jre\lib\endorsed"/>
    <property name="java.runtime.name" value="Java(TM) SE Runtime Environment"/>
    <property name="file.encoding" value="Cp1252"/>
    <property name="java.vm.name" value="Java HotSpot(TM) 64-Bit Server VM"/>
    <property name="localRepository" value="C:\Users\daniel-lower\.m2\repository"/>
    <property name="https.protocol" value="TLSv1.2"/>
    <property name="java.vendor.url.bug" value="http://bugreport.sun.com/bugreport/"/>
    <property name="java.io.tmpdir" value="C:\Users\DANIEL~1\AppData\Local\Temp\"/>
    <property name="java.version" value="1.8.0_151"/>
    <property name="user.dir" value="C:\Users\daniel-lower\jgitflowTest\atlassian-jgit-flow\mydemo-app"/>
    <property name="os.arch" value="amd64"/>
    <property name="java.vm.specification.name" value="Java Virtual Machine Specification"/>
    <property name="java.awt.printerjob" value="sun.awt.windows.WPrinterJob"/>
    <property name="sun.os.patch.level" value=""/>
    <property name="java.library.path" value="C:\Program Files\Java\jdk1.8.0_151\jre\bin;C:\WINDOWS\Sun\Java\bin;C:\WINDOWS\system32;C:\WINDOWS;C:\Users\daniel-lower\bin;C:\Program Files\Git\mingw64\bin;C:\Program Files\Git\usr\local\bin;C:\Program Files\Git\usr\bin;C:\Program Files\Git\usr\bin;C:\Program Files\Git\cmd;C:\Program Files\Git\usr\bin;C:\Program Files\ConEmu\ConEmu\Scripts;C:\Program Files\ConEmu;C:\Program Files\ConEmu\ConEmu;C:\clojure;C:\ProgramData\Oracle\Java\javapath;C:\tools\jbe;C:\src\EIS\eis-datapower\Repository\utility\sortedExportXML;C:\tools\apache-ant-1.10.5-bin\bin;C:\Program Files\Oracle\VirtualBox;C:\Program Files\Java\jdk1.8.0_151\bin;C:\tools\apache-maven-3.5.2\bin;C:\Program Files\IBM\MQ\java\lib;C:\Program Files\IBM\MQ\java\lib64;C:\tools\ruby26\bin;C:\Python38\Scripts;C:\Python38;C:\Python27;C:\Python27\Scripts;C:\Program Files (x86)\Common Files\Oracle\Java\javapath;C:\WINDOWS\system32;C:\WINDOWS;C:\WINDOWS\System32\Wbem;C:\WINDOWS\System32\WindowsPowerShell\v1.0;C:\WINDOWS\System32\OpenSSH;C:\Program Files (x86)\IBM\Client Access\Emulator;C:\Program Files (x86)\IBM\Client Access\Shared;C:\Program Files (x86)\IBM\Client Access;C:\ProgramData\chocolatey\bin;C:\Program Files\Git\cmd;C:\Program Files (x86)\gnupg\bin;C:\Program Files\MariaDB 10.4\bin;C:\Program Files\OpenSSH-Win64;C:\Program Files (x86)\GnuPG\bin;C:\tools\php74;C:\Program Files\IBM\MQ\bin64;C:\Program Files\IBM\MQ\bin;C:\Program Files\IBM\MQ\tools\c\samples\bin64;C:\Program Files\IBM\MQ\tools\c\samples\bin;C:\Program Files (x86)\GNU\GnuPG\pub;C:\HashiCorp\Vagrant\bin;C:\ProgramData\DockerDesktop\version-bin;C:\Go\bin;C:\Program Files (x86)\AOMEI\AOMEI Backupper 5.7.0;C:\Program Files (x86)\Common Files\Acronis\VirtualFile;C:\Program Files (x86)\Common Files\Acronis\VirtualFile64;C:\Program Files (x86)\Common Files\Acronis\FileProtector;C:\Program Files (x86)\Common Files\Acronis\FileProtector64;C:\Program Files (x86)\Common Files\Acronis\SnapAPI;C:\Program Files\TortoiseGit\bin;C:\Program Files (x86)\PuTTY;C:\Users\daniel-lower\AppData\Local\Microsoft\WindowsApps;C:\Users\daniel-lower\AppData\Local\atom\bin;C:\Program Files (x86)\clisp-2.49;C:\GnuWin\bin;C:\Program Files\Oracle\VirtualBox;C:\Program Files\kdiff3;C:\Program Files\Docker Toolbox;C:\Program Files\JetBrains\IntelliJ IDEA 2020.1.1\bin;C:\Users\daniel-lower\go\bin;C:\Program Files (x86)\Nmap;C:\Program Files\Git\usr\bin\vendor_perl;C:\Program Files\Git\usr\bin\core_perl;."/>
    <property name="java.vm.info" value="mixed mode"/>
    <property name="java.vendor" value="Oracle Corporation"/>
    <property name="java.vm.version" value="25.151-b12"/>
    <property name="java.ext.dirs" value="C:\Program Files\Java\jdk1.8.0_151\jre\lib\ext;C:\WINDOWS\Sun\Java\lib\ext"/>
    <property name="sun.io.unicode.encoding" value="UnicodeLittle"/>
    <property name="java.class.version" value="52.0"/>
  </properties>
  <testcase name="shouldAnswerWithTrue" classname="com.mydemo.app.AppTest" time="0.003"/>
</testsuite>